[2024-08-22T08:24:19.577723+00:00] main.CRITICAL: InvalidArgumentException: Invalid parameter given. A valid $_FILES[] identifier is expected. in /var/www/burn/htdocs/vendor/magento/framework/File/Uploader.php:710
Stack trace:
#0 /var/www/burn/htdocs/vendor/magento/framework/File/Uploader.php(230): Magento\Framework\File\Uploader->_setUploadFileId()
#1 /var/www/burn/htdocs/vendor/magento/module-remote-storage/Model/File/Uploader.php(66): Magento\Framework\File\Uploader->__construct()
#2 /var/www/burn/htdocs/generated/code/Magento/RemoteStorage/Model/File/Uploader/Interceptor.php(14): Magento\RemoteStorage\Model\File\Uploader->__construct()
#3 /var/www/burn/htdocs/vendor/magento/framework/ObjectManager/Factory/AbstractFactory.php(121): Magento\RemoteStorage\Model\File\Uploader\Interceptor->__construct()
#4 /var/www/burn/htdocs/vendor/magento/framework/ObjectManager/Factory/Compiled.php(108): Magento\Framework\ObjectManager\Factory\AbstractFactory->createObject()
#5 /var/www/burn/htdocs/vendor/magento/framework/ObjectManager/ObjectManager.php(56): Magento\Framework\ObjectManager\Factory\Compiled->create()
#6 /var/www/burn/htdocs/vendor/magento/framework/File/UploaderFactory.php(36): Magento\Framework\ObjectManager\ObjectManager->create()
#7 /var/www/burn/htdocs/vendor/magento/module-page-builder/Controller/Adminhtml/ContentType/Image/Upload.php(106): Magento\Framework\File\UploaderFactory->create()
#8 /var/www/burn/htdocs/vendor/magento/framework/Interception/Interceptor.php(58): Magento\PageBuilder\Controller\Adminhtml\ContentType\Image\Upload->execute()
#9 /var/www/burn/htdocs/vendor/magento/framework/Interception/Interceptor.php(138): Magento\PageBuilder\Controller\Adminhtml\ContentType\Image\Upload\Interceptor->___callParent()
#10 /var/www/burn/htdocs/vendor/magento/framework/Interception/Interceptor.php(153): Magento\PageBuilder\Controller\Adminhtml\ContentType\Image\Upload\Interceptor->Magento\Framework\Interception\{closure}()
#11 /var/www/burn/htdocs/generated/code/Magento/PageBuilder/Controller/Adminhtml/ContentType/Image/Upload/Interceptor.php(23): Magento\PageBuilder\Controller\Adminhtml\ContentType\Image\Upload\Interceptor->___callPlugins()
#12 /var/www/burn/htdocs/vendor/magento/framework/App/Action/Action.php(111): Magento\PageBuilder\Controller\Adminhtml\ContentType\Image\Upload\Interceptor->execute()
#13 /var/www/burn/htdocs/vendor/magento/module-backend/App/AbstractAction.php(151): Magento\Framework\App\Action\Action->dispatch()
#14 /var/www/burn/htdocs/vendor/magento/framework/Interception/Interceptor.php(58): Magento\Backend\App\AbstractAction->dispatch()
#15 /var/www/burn/htdocs/vendor/magento/framework/Interception/Interceptor.php(138): Magento\PageBuilder\Controller\Adminhtml\ContentType\Image\Upload\Interceptor->___callParent()
#16 /var/www/burn/htdocs/vendor/magento/module-backend/App/Action/Plugin/Authentication.php(145): Magento\PageBuilder\Controller\Adminhtml\ContentType\Image\Upload\Interceptor->Magento\Framework\Interception\{closure}()
#17 /var/www/burn/htdocs/vendor/magento/framework/Interception/Interceptor.php(135): Magento\Backend\App\Action\Plugin\Authentication->aroundDispatch()
#18 /var/www/burn/htdocs/vendor/magento/framework/Interception/Interceptor.php(153): Magento\PageBuilder\Controller\Adminhtml\ContentType\Image\Upload\Interceptor->Magento\Framework\Interception\{closure}()
#19 /var/www/burn/htdocs/generated/code/Magento/PageBuilder/Controller/Adminhtml/ContentType/Image/Upload/Interceptor.php(32): Magento\PageBuilder\Controller\Adminhtml\ContentType\Image\Upload\Interceptor->___callPlugins()
#20 /var/www/burn/htdocs/vendor/magento/framework/App/FrontController.php(245): Magento\PageBuilder\Controller\Adminhtml\ContentType\Image\Upload\Interceptor->dispatch()
#21 /var/www/burn/htdocs/vendor/magento/framework/App/FrontController.php(212): Magento\Framework\App\FrontController->getActionResponse()
#22 /var/www/burn/htdocs/vendor/magento/framework/App/FrontController.php(146): Magento\Framework\App\FrontController->processRequest()
#23 /var/www/burn/htdocs/vendor/magento/framework/Interception/Interceptor.php(58): Magento\Framework\App\FrontController->dispatch()
#24 /var/www/burn/htdocs/vendor/magento/framework/Interception/Interceptor.php(138): Magento\Framework\App\FrontController\Interceptor->___callParent()
#25 /var/www/burn/htdocs/vendor/magento/framework/Interception/Interceptor.php(153): Magento\Framework\App\FrontController\Interceptor->Magento\Framework\Interception\{closure}()
#26 /var/www/burn/htdocs/generated/code/Magento/Framework/App/FrontController/Interceptor.php(23): Magento\Framework\App\FrontController\Interceptor->___callPlugins()
#27 /var/www/burn/htdocs/vendor/magento/framework/App/Http.php(116): Magento\Framework\App\FrontController\Interceptor->dispatch()
#28 /var/www/burn/htdocs/vendor/magento/framework/App/Bootstrap.php(264): Magento\Framework\App\Http->launch()
#29 /var/www/burn/htdocs/pub/index.php(30): Magento\Framework\App\Bootstrap->run()
#30 {main} {"report_id":"5a4d657879b70aa3df5edaff3999ca579140f0e84000730b4b6943217fd16d76","exception":"[object] (InvalidArgumentException(code: 0): Invalid parameter given. A valid $_FILES[] identifier is expected. at /var/www/burn/htdocs/vendor/magento/framework/File/Uploader.php:710)"} []
[2024-08-22T13:35:29.310576+00:00] main.WARNING: Failed to retrieve the release notification content. {"exception":"[object] (Exception(code: 0): Resolving timed out after 5000 milliseconds at /var/www/burn/htdocs/vendor/magento/framework/HTTP/Client/Curl.php:427)"} []
[2024-08-23T05:45:36.947191+00:00] main.CRITICAL: TypeError: Magento\InventorySales\Model\GetProductSalableQty::execute(): Argument #1 ($sku) must be of type string, null given, called in /var/www/burn/htdocs/app/code/Mageplaza/Core/Block/LeftQty.php on line 83 and defined in /var/www/burn/htdocs/vendor/magento/module-inventory-sales/Model/GetProductSalableQty.php:73
Stack trace:
#0 /var/www/burn/htdocs/app/code/Mageplaza/Core/Block/LeftQty.php(83): Magento\InventorySales\Model\GetProductSalableQty->execute()
#1 /var/www/burn/htdocs/app/code/Mageplaza/Core/view/frontend/templates/leftqty.phtml(2): Mageplaza\Core\Block\LeftQty->saleble()
#2 /var/www/burn/htdocs/vendor/magento/framework/View/TemplateEngine/Php.php(71): include('...')
#3 /var/www/burn/htdocs/vendor/magento/framework/View/Element/Template.php(263): Magento\Framework\View\TemplateEngine\Php->render()
#4 /var/www/burn/htdocs/vendor/magento/framework/View/Element/Template.php(293): Magento\Framework\View\Element\Template->fetchView()
#5 /var/www/burn/htdocs/vendor/magento/framework/View/Element/AbstractBlock.php(1117): Magento\Framework\View\Element\Template->_toHtml()
#6 /var/www/burn/htdocs/vendor/magento/framework/View/Element/AbstractBlock.php(1121): Magento\Framework\View\Element\AbstractBlock->Magento\Framework\View\Element\{closure}()
#7 /var/www/burn/htdocs/vendor/magento/framework/View/Element/AbstractBlock.php(670): Magento\Framework\View\Element\AbstractBlock->_loadCache()
#8 /var/www/burn/htdocs/vendor/magento/framework/View/Layout.php(578): Magento\Framework\View\Element\AbstractBlock->toHtml()
#9 /var/www/burn/htdocs/vendor/magento/framework/View/Layout.php(555): Magento\Framework\View\Layout->_renderBlock()
#10 /var/www/burn/htdocs/vendor/magento/framework/View/Layout.php(510): Magento\Framework\View\Layout->renderNonCachedElement()
#11 /var/www/burn/htdocs/vendor/magento/framework/View/Layout.php(606): Magento\Framework\View\Layout->renderElement()
#12 /var/www/burn/htdocs/vendor/magento/framework/View/Layout.php(557): Magento\Framework\View\Layout->_renderContainer()
#13 /var/www/burn/htdocs/vendor/magento/framework/View/Layout.php(510): Magento\Framework\View\Layout->renderNonCachedElement()
#14 /var/www/burn/htdocs/vendor/magento/framework/View/Layout.php(606): Magento\Framework\View\Layout->renderElement()
#15 /var/www/burn/htdocs/vendor/magento/framework/View/Layout.php(557): Magento\Framework\View\Layout->_renderContainer()
#16 /var/www/burn/htdocs/vendor/magento/framework/View/Layout.php(510): Magento\Framework\View\Layout->renderNonCachedElement()
#17 /var/www/burn/htdocs/vendor/magento/framework/View/Layout.php(606): Magento\Framework\View\Layout->renderElement()
#18 /var/www/burn/htdocs/vendor/magento/framework/View/Layout.php(557): Magento\Framework\View\Layout->_renderContainer()
#19 /var/www/burn/htdocs/vendor/magento/framework/View/Layout.php(510): Magento\Framework\View\Layout->renderNonCachedElement()
#20 /var/www/burn/htdocs/vendor/magento/framework/View/Layout.php(606): Magento\Framework\View\Layout->renderElement()
#21 /var/www/burn/htdocs/vendor/magento/framework/View/Layout.php(557): Magento\Framework\View\Layout->_renderContainer()
#22 /var/www/burn/htdocs/vendor/magento/framework/View/Layout.php(510): Magento\Framework\View\Layout->renderNonCachedElement()
#23 /var/www/burn/htdocs/vendor/magento/framework/View/Layout.php(606): Magento\Framework\View\Layout->renderElement()
#24 /var/www/burn/htdocs/vendor/magento/framework/View/Layout.php(557): Magento\Framework\View\Layout->_renderContainer()
#25 /var/www/burn/htdocs/vendor/magento/framework/View/Layout.php(510): Magento\Framework\View\Layout->renderNonCachedElement()
#26 /var/www/burn/htdocs/vendor/magento/framework/View/Layout.php(606): Magento\Framework\View\Layout->renderElement()
#27 /var/www/burn/htdocs/vendor/magento/framework/View/Layout.php(557): Magento\Framework\View\Layout->_renderContainer()
#28 /var/www/burn/htdocs/vendor/magento/framework/View/Layout.php(510): Magento\Framework\View\Layout->renderNonCachedElement()
#29 /var/www/burn/htdocs/vendor/magento/framework/View/Layout.php(606): Magento\Framework\View\Layout->renderElement()
#30 /var/www/burn/htdocs/vendor/magento/framework/View/Layout.php(557): Magento\Framework\View\Layout->_renderContainer()
#31 /var/www/burn/htdocs/vendor/magento/framework/View/Layout.php(510): Magento\Framework\View\Layout->renderNonCachedElement()
#32 /var/www/burn/htdocs/vendor/magento/framework/View/Layout.php(606): Magento\Framework\View\Layout->renderElement()
#33 /var/www/burn/htdocs/vendor/magento/framework/View/Layout.php(557): Magento\Framework\View\Layout->_renderContainer()
#34 /var/www/burn/htdocs/vendor/magento/framework/View/Layout.php(510): Magento\Framework\View\Layout->renderNonCachedElement()
#35 /var/www/burn/htdocs/vendor/magento/framework/View/Layout.php(606): Magento\Framework\View\Layout->renderElement()
#36 /var/www/burn/htdocs/vendor/magento/framework/View/Layout.php(557): Magento\Framework\View\Layout->_renderContainer()
#37 /var/www/burn/htdocs/vendor/magento/framework/View/Layout.php(510): Magento\Framework\View\Layout->renderNonCachedElement()
#38 /var/www/burn/htdocs/vendor/magento/framework/View/Layout.php(975): Magento\Framework\View\Layout->renderElement()
#39 /var/www/burn/htdocs/vendor/magento/framework/Interception/Interceptor.php(58): Magento\Framework\View\Layout->getOutput()
#40 /var/www/burn/htdocs/vendor/magento/framework/Interception/Interceptor.php(138): Magento\Framework\View\Layout\Interceptor->___callParent()
#41 /var/www/burn/htdocs/vendor/magento/framework/Interception/Interceptor.php(153): Magento\Framework\View\Layout\Interceptor->Magento\Framework\Interception\{closure}()
#42 /var/www/burn/htdocs/generated/code/Magento/Framework/View/Layout/Interceptor.php(41): Magento\Framework\View\Layout\Interceptor->___callPlugins()
#43 /var/www/burn/htdocs/vendor/magento/framework/View/Result/Page.php(260): Magento\Framework\View\Layout\Interceptor->getOutput()
#44 /var/www/burn/htdocs/vendor/magento/framework/View/Result/Layout.php(171): Magento\Framework\View\Result\Page->render()
#45 /var/www/burn/htdocs/vendor/magento/framework/Interception/Interceptor.php(58): Magento\Framework\View\Result\Layout->renderResult()
#46 /var/www/burn/htdocs/vendor/magento/framework/Interception/Interceptor.php(138): Magento\Framework\View\Result\Page\Interceptor->___callParent()
#47 /var/www/burn/htdocs/vendor/magento/framework/Interception/Interceptor.php(153): Magento\Framework\View\Result\Page\Interceptor->Magento\Framework\Interception\{closure}()
#48 /var/www/burn/htdocs/generated/code/Magento/Framework/View/Result/Page/Interceptor.php(32): Magento\Framework\View\Result\Page\Interceptor->___callPlugins()
#49 /var/www/burn/htdocs/vendor/magento/framework/App/Http.php(120): Magento\Framework\View\Result\Page\Interceptor->renderResult()
#50 /var/www/burn/htdocs/vendor/magento/framework/App/Bootstrap.php(264): Magento\Framework\App\Http->launch()
#51 /var/www/burn/htdocs/pub/index.php(30): Magento\Framework\App\Bootstrap->run()
#52 {main} {"exception":"[object] (TypeError(code: 0): Magento\\InventorySales\\Model\\GetProductSalableQty::execute(): Argument #1 ($sku) must be of type string, null given, called in /var/www/burn/htdocs/app/code/Mageplaza/Core/Block/LeftQty.php on line 83 at /var/www/burn/htdocs/vendor/magento/module-inventory-sales/Model/GetProductSalableQty.php:73)"} []
[2024-08-23T05:45:54.618601+00:00] main.CRITICAL: TypeError: Magento\InventorySales\Model\GetProductSalableQty::execute(): Argument #1 ($sku) must be of type string, null given, called in /var/www/burn/htdocs/app/code/Mageplaza/Core/Block/LeftQty.php on line 83 and defined in /var/www/burn/htdocs/vendor/magento/module-inventory-sales/Model/GetProductSalableQty.php:73
Stack trace:
#0 /var/www/burn/htdocs/app/code/Mageplaza/Core/Block/LeftQty.php(83): Magento\InventorySales\Model\GetProductSalableQty->execute()
#1 /var/www/burn/htdocs/app/code/Mageplaza/Core/view/frontend/templates/leftqty.phtml(2): Mageplaza\Core\Block\LeftQty->saleble()
#2 /var/www/burn/htdocs/vendor/magento/framework/View/TemplateEngine/Php.php(71): include('...')
#3 /var/www/burn/htdocs/vendor/magento/framework/View/Element/Template.php(263): Magento\Framework\View\TemplateEngine\Php->render()
#4 /var/www/burn/htdocs/vendor/magento/framework/View/Element/Template.php(293): Magento\Framework\View\Element\Template->fetchView()
#5 /var/www/burn/htdocs/vendor/magento/framework/View/Element/AbstractBlock.php(1117): Magento\Framework\View\Element\Template->_toHtml()
#6 /var/www/burn/htdocs/vendor/magento/framework/View/Element/AbstractBlock.php(1121): Magento\Framework\View\Element\AbstractBlock->Magento\Framework\View\Element\{closure}()
#7 /var/www/burn/htdocs/vendor/magento/framework/View/Element/AbstractBlock.php(670): Magento\Framework\View\Element\AbstractBlock->_loadCache()
#8 /var/www/burn/htdocs/vendor/magento/framework/View/Layout.php(578): Magento\Framework\View\Element\AbstractBlock->toHtml()
#9 /var/www/burn/htdocs/vendor/magento/framework/View/Layout.php(555): Magento\Framework\View\Layout->_renderBlock()
#10 /var/www/burn/htdocs/vendor/magento/framework/View/Layout.php(510): Magento\Framework\View\Layout->renderNonCachedElement()
#11 /var/www/burn/htdocs/vendor/magento/framework/View/Layout.php(606): Magento\Framework\View\Layout->renderElement()
#12 /var/www/burn/htdocs/vendor/magento/framework/View/Layout.php(557): Magento\Framework\View\Layout->_renderContainer()
#13 /var/www/burn/htdocs/vendor/magento/framework/View/Layout.php(510): Magento\Framework\View\Layout->renderNonCachedElement()
#14 /var/www/burn/htdocs/vendor/magento/framework/View/Layout.php(606): Magento\Framework\View\Layout->renderElement()
#15 /var/www/burn/htdocs/vendor/magento/framework/View/Layout.php(557): Magento\Framework\View\Layout->_renderContainer()
#16 /var/www/burn/htdocs/vendor/magento/framework/View/Layout.php(510): Magento\Framework\View\Layout->renderNonCachedElement()
#17 /var/www/burn/htdocs/vendor/magento/framework/View/Layout.php(606): Magento\Framework\View\Layout->renderElement()
#18 /var/www/burn/htdocs/vendor/magento/framework/View/Layout.php(557): Magento\Framework\View\Layout->_renderContainer()
#19 /var/www/burn/htdocs/vendor/magento/framework/View/Layout.php(510): Magento\Framework\View\Layout->renderNonCachedElement()
#20 /var/www/burn/htdocs/vendor/magento/framework/View/Layout.php(606): Magento\Framework\View\Layout->renderElement()
#21 /var/www/burn/htdocs/vendor/magento/framework/View/Layout.php(557): Magento\Framework\View\Layout->_renderContainer()
#22 /var/www/burn/htdocs/vendor/magento/framework/View/Layout.php(510): Magento\Framework\View\Layout->renderNonCachedElement()
#23 /var/www/burn/htdocs/vendor/magento/framework/View/Layout.php(606): Magento\Framework\View\Layout->renderElement()
#24 /var/www/burn/htdocs/vendor/magento/framework/View/Layout.php(557): Magento\Framework\View\Layout->_renderContainer()
#25 /var/www/burn/htdocs/vendor/magento/framework/View/Layout.php(510): Magento\Framework\View\Layout->renderNonCachedElement()
#26 /var/www/burn/htdocs/vendor/magento/framework/View/Layout.php(606): Magento\Framework\View\Layout->renderElement()
#27 /var/www/burn/htdocs/vendor/magento/framework/View/Layout.php(557): Magento\Framework\View\Layout->_renderContainer()
#28 /var/www/burn/htdocs/vendor/magento/framework/View/Layout.php(510): Magento\Framework\View\Layout->renderNonCachedElement()
#29 /var/www/burn/htdocs/vendor/magento/framework/View/Layout.php(606): Magento\Framework\View\Layout->renderElement()
#30 /var/www/burn/htdocs/vendor/magento/framework/View/Layout.php(557): Magento\Framework\View\Layout->_renderContainer()
#31 /var/www/burn/htdocs/vendor/magento/framework/View/Layout.php(510): Magento\Framework\View\Layout->renderNonCachedElement()
#32 /var/www/burn/htdocs/vendor/magento/framework/View/Layout.php(606): Magento\Framework\View\Layout->renderElement()
#33 /var/www/burn/htdocs/vendor/magento/framework/View/Layout.php(557): Magento\Framework\View\Layout->_renderContainer()
#34 /var/www/burn/htdocs/vendor/magento/framework/View/Layout.php(510): Magento\Framework\View\Layout->renderNonCachedElement()
#35 /var/www/burn/htdocs/vendor/magento/framework/View/Layout.php(606): Magento\Framework\View\Layout->renderElement()
#36 /var/www/burn/htdocs/vendor/magento/framework/View/Layout.php(557): Magento\Framework\View\Layout->_renderContainer()
#37 /var/www/burn/htdocs/vendor/magento/framework/View/Layout.php(510): Magento\Framework\View\Layout->renderNonCachedElement()
#38 /var/www/burn/htdocs/vendor/magento/framework/View/Layout.php(975): Magento\Framework\View\Layout->renderElement()
#39 /var/www/burn/htdocs/vendor/magento/framework/Interception/Interceptor.php(58): Magento\Framework\View\Layout->getOutput()
#40 /var/www/burn/htdocs/vendor/magento/framework/Interception/Interceptor.php(138): Magento\Framework\View\Layout\Interceptor->___callParent()
#41 /var/www/burn/htdocs/vendor/magento/framework/Interception/Interceptor.php(153): Magento\Framework\View\Layout\Interceptor->Magento\Framework\Interception\{closure}()
#42 /var/www/burn/htdocs/generated/code/Magento/Framework/View/Layout/Interceptor.php(41): Magento\Framework\View\Layout\Interceptor->___callPlugins()
#43 /var/www/burn/htdocs/vendor/magento/framework/View/Result/Page.php(260): Magento\Framework\View\Layout\Interceptor->getOutput()
#44 /var/www/burn/htdocs/vendor/magento/framework/View/Result/Layout.php(171): Magento\Framework\View\Result\Page->render()
#45 /var/www/burn/htdocs/vendor/magento/framework/Interception/Interceptor.php(58): Magento\Framework\View\Result\Layout->renderResult()
#46 /var/www/burn/htdocs/vendor/magento/framework/Interception/Interceptor.php(138): Magento\Framework\View\Result\Page\Interceptor->___callParent()
#47 /var/www/burn/htdocs/vendor/magento/framework/Interception/Interceptor.php(153): Magento\Framework\View\Result\Page\Interceptor->Magento\Framework\Interception\{closure}()
#48 /var/www/burn/htdocs/generated/code/Magento/Framework/View/Result/Page/Interceptor.php(32): Magento\Framework\View\Result\Page\Interceptor->___callPlugins()
#49 /var/www/burn/htdocs/vendor/magento/framework/App/Http.php(120): Magento\Framework\View\Result\Page\Interceptor->renderResult()
#50 /var/www/burn/htdocs/vendor/magento/framework/App/Bootstrap.php(264): Magento\Framework\App\Http->launch()
#51 /var/www/burn/htdocs/pub/index.php(30): Magento\Framework\App\Bootstrap->run()
#52 {main} {"exception":"[object] (TypeError(code: 0): Magento\\InventorySales\\Model\\GetProductSalableQty::execute(): Argument #1 ($sku) must be of type string, null given, called in /var/www/burn/htdocs/app/code/Mageplaza/Core/Block/LeftQty.php on line 83 at /var/www/burn/htdocs/vendor/magento/module-inventory-sales/Model/GetProductSalableQty.php:73)"} []
[2024-08-23T06:07:04.217895+00:00] main.WARNING: Failed to retrieve the release notification content. {"exception":"[object] (Exception(code: 0): Resolving timed out after 5000 milliseconds at /var/www/burn/htdocs/vendor/magento/framework/HTTP/Client/Curl.php:427)"} []
