[2024-08-22T08:23:31.884688+00:00] main.INFO: Item Magento_Backend::system_currency was removed [] []
[2024-08-22T08:23:31.891693+00:00] main.INFO: Add of item with id Magento_Config::system_config was processed [] []
[2024-08-22T08:23:31.891957+00:00] main.INFO: Add of item with id Magento_AdminNotification::system_adminnotification was processed [] []
[2024-08-22T08:23:31.892055+00:00] main.INFO: Add of item with id Magento_Theme::design_config was processed [] []
[2024-08-22T08:23:31.892134+00:00] main.INFO: Add of item with id Magento_Theme::system_design_theme was processed [] []
[2024-08-22T08:23:31.892226+00:00] main.INFO: Add of item with id Magento_Backend::system_design_schedule was processed [] []
[2024-08-22T08:23:31.892370+00:00] main.INFO: Add of item with id Magento_Backend::system_store was processed [] []
[2024-08-22T08:23:31.892499+00:00] main.INFO: Add of item with id Magento_Backend::dashboard was processed [] []
[2024-08-22T08:23:31.892621+00:00] main.INFO: Add of item with id Magento_Backend::system was processed [] []
[2024-08-22T08:23:31.892754+00:00] main.INFO: Add of item with id Magento_Backend::system_tools was processed [] []
[2024-08-22T08:23:31.892889+00:00] main.INFO: Add of item with id Magento_Backend::system_design was processed [] []
[2024-08-22T08:23:31.893011+00:00] main.INFO: Add of item with id Magento_Backend::system_convert was processed [] []
[2024-08-22T08:23:31.893146+00:00] main.INFO: Add of item with id Magento_Backend::system_cache was processed [] []
[2024-08-22T08:23:31.893272+00:00] main.INFO: Add of item with id Magento_Backend::marketing was processed [] []
[2024-08-22T08:23:31.893423+00:00] main.INFO: Add of item with id Magento_Backend::marketing_communications was processed [] []
[2024-08-22T08:23:31.893639+00:00] main.INFO: Add of item with id Magento_Backend::marketing_seo was processed [] []
[2024-08-22T08:23:31.893785+00:00] main.INFO: Add of item with id Magento_Backend::marketing_user_content was processed [] []
[2024-08-22T08:23:31.893927+00:00] main.INFO: Add of item with id Magento_Backend::content was processed [] []
[2024-08-22T08:23:31.894072+00:00] main.INFO: Add of item with id Magento_Backend::content_elements was processed [] []
[2024-08-22T08:23:31.894239+00:00] main.INFO: Add of item with id Magento_Backend::stores was processed [] []
[2024-08-22T08:23:31.894400+00:00] main.INFO: Add of item with id Magento_Backend::stores_settings was processed [] []
[2024-08-22T08:23:31.894479+00:00] main.INFO: Add of item with id Magento_Backend::stores_attributes was processed [] []
[2024-08-22T08:23:31.894546+00:00] main.INFO: Add of item with id Magento_Backend::other_settings was processed [] []
[2024-08-22T08:23:31.894617+00:00] main.INFO: Add of item with id Magento_Backend::system_other_settings was processed [] []
[2024-08-22T08:23:31.894687+00:00] main.INFO: Add of item with id Magento_User::system_acl was processed [] []
[2024-08-22T08:23:31.894799+00:00] main.INFO: Add of item with id Magento_User::system_acl_users was processed [] []
[2024-08-22T08:23:31.894870+00:00] main.INFO: Add of item with id Magento_User::system_acl_roles was processed [] []
[2024-08-22T08:23:31.894936+00:00] main.INFO: Add of item with id Magento_User::system_acl_locks was processed [] []
[2024-08-22T08:23:31.894999+00:00] main.INFO: Add of item with id Magento_Customer::customer was processed [] []
[2024-08-22T08:23:31.895071+00:00] main.INFO: Add of item with id Magento_Customer::customer_manage was processed [] []
[2024-08-22T08:23:31.895139+00:00] main.INFO: Add of item with id Magento_Customer::customer_online was processed [] []
[2024-08-22T08:23:31.895204+00:00] main.INFO: Add of item with id Magento_Customer::customer_group was processed [] []
[2024-08-22T08:23:31.895268+00:00] main.INFO: Add of item with id Magento_Backup::system_tools_backup was processed [] []
[2024-08-22T08:23:31.895333+00:00] main.INFO: Add of item with id Magento_Indexer::system_index was processed [] []
[2024-08-22T08:23:31.895481+00:00] main.INFO: Add of item with id Magento_Variable::system_variable was processed [] []
[2024-08-22T08:23:31.895581+00:00] main.INFO: Add of item with id Magento_Cms::cms_page was processed [] []
[2024-08-22T08:23:31.895653+00:00] main.INFO: Add of item with id Magento_Cms::cms_block was processed [] []
[2024-08-22T08:23:31.895727+00:00] main.INFO: Add of item with id Magento_Search::search_terms was processed [] []
[2024-08-22T08:23:31.895804+00:00] main.INFO: Add of item with id Magento_Search::search_synonyms was processed [] []
[2024-08-22T08:23:31.895868+00:00] main.INFO: Add of item with id Magento_Catalog::catalog was processed [] []
[2024-08-22T08:23:31.895940+00:00] main.INFO: Add of item with id Magento_Catalog::catalog_products was processed [] []
[2024-08-22T08:23:31.896008+00:00] main.INFO: Add of item with id Magento_Catalog::catalog_categories was processed [] []
[2024-08-22T08:23:31.896079+00:00] main.INFO: Add of item with id Magento_Catalog::catalog_attributes_attributes was processed [] []
[2024-08-22T08:23:31.896146+00:00] main.INFO: Add of item with id Magento_Catalog::catalog_attributes_sets was processed [] []
[2024-08-22T08:23:31.896217+00:00] main.INFO: Add of item with id Magento_Catalog::inventory was processed [] []
[2024-08-22T08:23:31.896283+00:00] main.INFO: Add of item with id Magento_CatalogRule::promo was processed [] []
[2024-08-22T08:23:31.896361+00:00] main.INFO: Add of item with id Magento_CatalogRule::promo_catalog was processed [] []
[2024-08-22T08:23:31.896428+00:00] main.INFO: Add of item with id Magento_MediaGalleryUi::media was processed [] []
[2024-08-22T08:23:31.896503+00:00] main.INFO: Add of item with id Magento_MediaGalleryUi::media_gallery was processed [] []
[2024-08-22T08:23:31.896570+00:00] main.INFO: Add of item with id Magento_Integration::system_extensions was processed [] []
[2024-08-22T08:23:31.896642+00:00] main.INFO: Add of item with id Magento_Integration::system_integrations was processed [] []
[2024-08-22T08:23:31.896708+00:00] main.INFO: Add of item with id Magento_Sales::sales was processed [] []
[2024-08-22T08:23:31.896778+00:00] main.INFO: Add of item with id Magento_Sales::sales_operation was processed [] []
[2024-08-22T08:23:31.896907+00:00] main.INFO: Add of item with id Magento_Sales::sales_order was processed [] []
[2024-08-22T08:23:31.897018+00:00] main.INFO: Add of item with id Magento_Sales::sales_invoice was processed [] []
[2024-08-22T08:23:31.897085+00:00] main.INFO: Add of item with id Magento_Sales::sales_shipment was processed [] []
[2024-08-22T08:23:31.897150+00:00] main.INFO: Add of item with id Magento_Sales::sales_creditmemo was processed [] []
[2024-08-22T08:23:31.897214+00:00] main.INFO: Add of item with id Magento_Sales::sales_transactions was processed [] []
[2024-08-22T08:23:31.897277+00:00] main.INFO: Add of item with id Magento_Sales::system_order_statuses was processed [] []
[2024-08-22T08:23:31.897340+00:00] main.INFO: Add of item with id Magento_Widget::cms_widget_instance was processed [] []
[2024-08-22T08:23:31.897422+00:00] main.INFO: Add of item with id Magento_Analytics::business_intelligence was processed [] []
[2024-08-22T08:23:31.897497+00:00] main.INFO: Add of item with id Magento_Analytics::advanced_reporting was processed [] []
[2024-08-22T08:23:31.897630+00:00] main.INFO: Add of item with id Magento_Analytics::bi_essentials was processed [] []
[2024-08-22T08:23:31.897725+00:00] main.INFO: Add of item with id Magento_Downloadable::report_products_downloads was processed [] []
[2024-08-22T08:23:31.897825+00:00] main.INFO: Add of item with id Magento_ImportExport::system_convert_import was processed [] []
[2024-08-22T08:23:31.897949+00:00] main.INFO: Add of item with id Magento_ImportExport::system_convert_export was processed [] []
[2024-08-22T08:23:31.898034+00:00] main.INFO: Add of item with id Magento_ImportExport::system_convert_history was processed [] []
[2024-08-22T08:23:31.898112+00:00] main.INFO: Add of item with id Magento_Email::template was processed [] []
[2024-08-22T08:23:31.898230+00:00] main.INFO: Add of item with id Magento_EncryptionKey::system_crypt_key was processed [] []
[2024-08-22T08:23:31.898318+00:00] main.INFO: Add of item with id Magento_InventoryAdminUi::inventory was processed [] []
[2024-08-22T08:23:31.898394+00:00] main.INFO: Add of item with id Magento_InventoryAdminUi::source was processed [] []
[2024-08-22T08:23:31.898463+00:00] main.INFO: Add of item with id Magento_InventoryAdminUi::stock was processed [] []
[2024-08-22T08:23:31.898528+00:00] main.INFO: Add of item with id Magento_Reports::report was processed [] []
[2024-08-22T08:23:31.898592+00:00] main.INFO: Add of item with id Magento_Reports::report_marketing was processed [] []
[2024-08-22T08:23:31.898655+00:00] main.INFO: Add of item with id Magento_Reports::report_salesroot was processed [] []
[2024-08-22T08:23:31.898726+00:00] main.INFO: Add of item with id Magento_Reports::report_salesroot_sales was processed [] []
[2024-08-22T08:23:31.898794+00:00] main.INFO: Add of item with id Magento_Reports::report_salesroot_tax was processed [] []
[2024-08-22T08:23:31.898858+00:00] main.INFO: Add of item with id Magento_Reports::report_salesroot_invoiced was processed [] []
[2024-08-22T08:23:31.898921+00:00] main.INFO: Add of item with id Magento_Reports::report_salesroot_shipping was processed [] []
[2024-08-22T08:23:31.898983+00:00] main.INFO: Add of item with id Magento_Reports::report_salesroot_refunded was processed [] []
[2024-08-22T08:23:31.899046+00:00] main.INFO: Add of item with id Magento_Reports::report_salesroot_coupons was processed [] []
[2024-08-22T08:23:31.899117+00:00] main.INFO: Add of item with id Magento_Reports::report_shopcart_product was processed [] []
[2024-08-22T08:23:31.899184+00:00] main.INFO: Add of item with id Magento_Reports::report_shopcart_abandoned was processed [] []
[2024-08-22T08:23:31.899248+00:00] main.INFO: Add of item with id Magento_Reports::report_products was processed [] []
[2024-08-22T08:23:31.899311+00:00] main.INFO: Add of item with id Magento_Reports::report_products_bestsellers was processed [] []
[2024-08-22T08:23:31.899421+00:00] main.INFO: Add of item with id Magento_Reports::report_products_sold was processed [] []
[2024-08-22T08:23:31.899497+00:00] main.INFO: Add of item with id Magento_Reports::report_products_viewed was processed [] []
[2024-08-22T08:23:31.899566+00:00] main.INFO: Add of item with id Magento_Reports::report_products_lowstock was processed [] []
[2024-08-22T08:23:31.899628+00:00] main.INFO: Add of item with id Magento_Reports::report_customers was processed [] []
[2024-08-22T08:23:31.899704+00:00] main.INFO: Add of item with id Magento_Reports::report_customers_accounts was processed [] []
[2024-08-22T08:23:31.899797+00:00] main.INFO: Add of item with id Magento_Reports::report_customers_totals was processed [] []
[2024-08-22T08:23:31.899860+00:00] main.INFO: Add of item with id Magento_Reports::report_customers_orders was processed [] []
[2024-08-22T08:23:31.899923+00:00] main.INFO: Add of item with id Magento_Reports::report_statistics was processed [] []
[2024-08-22T08:23:31.899995+00:00] main.INFO: Add of item with id Magento_Reports::report_statistics_refresh was processed [] []
[2024-08-22T08:23:31.900063+00:00] main.INFO: Add of item with id Magento_Search::report_search_term was processed [] []
[2024-08-22T08:23:31.900127+00:00] main.INFO: Add of item with id Magento_LoginAsCustomerLog::login_log was processed [] []
[2024-08-22T08:23:31.900191+00:00] main.INFO: Add of item with id Magento_Marketplace::partners was processed [] []
[2024-08-22T08:23:31.900259+00:00] main.INFO: Add of item with id Magento_Newsletter::newsletter_template was processed [] []
[2024-08-22T08:23:31.900322+00:00] main.INFO: Add of item with id Magento_Newsletter::newsletter_queue was processed [] []
[2024-08-22T08:23:31.900385+00:00] main.INFO: Add of item with id Magento_Newsletter::newsletter_subscriber was processed [] []
[2024-08-22T08:23:31.900449+00:00] main.INFO: Add of item with id Magento_Newsletter::newsletter_problem was processed [] []
[2024-08-22T08:23:31.900528+00:00] main.INFO: Add of item with id Magento_SalesRule::promo_quote was processed [] []
[2024-08-22T08:23:31.900608+00:00] main.INFO: Add of item with id Magento_Sitemap::catalog_sitemap was processed [] []
[2024-08-22T08:23:31.900671+00:00] main.INFO: Add of item with id Magento_PageBuilder::templates was processed [] []
[2024-08-22T08:23:31.900734+00:00] main.INFO: Add of item with id Magento_Paypal::report_salesroot_paypal_settlement_reports was processed [] []
[2024-08-22T08:23:31.900798+00:00] main.INFO: Add of item with id Magento_Paypal::paypal_billing_agreement was processed [] []
[2024-08-22T08:23:31.900862+00:00] main.INFO: Add of item with id Magento_CheckoutAgreements::sales_checkoutagreement was processed [] []
[2024-08-22T08:23:31.900925+00:00] main.INFO: Add of item with id Magento_Review::catalog_reviews_ratings_ratings was processed [] []
[2024-08-22T08:23:31.900998+00:00] main.INFO: Add of item with id Magento_Review::catalog_reviews_ratings_pending was processed [] []
[2024-08-22T08:23:31.901066+00:00] main.INFO: Add of item with id Magento_Review::catalog_reviews_ratings_reviews_all was processed [] []
[2024-08-22T08:23:31.901145+00:00] main.INFO: Add of item with id Magento_Review::report_review was processed [] []
[2024-08-22T08:23:31.901218+00:00] main.INFO: Add of item with id Magento_Review::report_review_customer was processed [] []
[2024-08-22T08:23:31.901304+00:00] main.INFO: Add of item with id Magento_Review::report_review_product was processed [] []
[2024-08-22T08:23:31.901423+00:00] main.INFO: Add of item with id Magento_UrlRewrite::urlrewrite was processed [] []
[2024-08-22T08:23:31.901558+00:00] main.INFO: Add of item with id Magento_Tax::sales_tax was processed [] []
[2024-08-22T08:23:31.901657+00:00] main.INFO: Add of item with id Magento_Tax::sales_tax_rules was processed [] []
[2024-08-22T08:23:31.901728+00:00] main.INFO: Add of item with id Magento_Tax::sales_tax_rates was processed [] []
[2024-08-22T08:23:31.901792+00:00] main.INFO: Add of item with id Magento_TaxImportExport::system_convert_tax was processed [] []
[2024-08-22T08:23:31.901856+00:00] main.INFO: Add of item with id Magento_AsynchronousOperations::system_magento_logging was processed [] []
[2024-08-22T08:23:31.901929+00:00] main.INFO: Add of item with id Magento_AsynchronousOperations::system_magento_logging_bulk_operations was processed [] []
[2024-08-22T08:23:31.901997+00:00] main.INFO: Add of item with id Magento_CurrencySymbol::system_currency was processed [] []
[2024-08-22T08:23:31.902070+00:00] main.INFO: Add of item with id Magento_CurrencySymbol::system_currency_rates was processed [] []
[2024-08-22T08:23:31.902138+00:00] main.INFO: Add of item with id Magento_CurrencySymbol::system_currency_symbols was processed [] []
[2024-08-22T08:23:31.902230+00:00] main.INFO: Add of item with id Extension_GiftCard::giftcard was processed [] []
[2024-08-22T08:23:31.902305+00:00] main.INFO: Add of item with id Extension_GiftCard::section1 was processed [] []
[2024-08-22T08:23:31.902388+00:00] main.INFO: Add of item with id Extension_GiftCard:::code was processed [] []
[2024-08-22T08:23:31.902456+00:00] main.INFO: Add of item with id Extension_GiftCard::giftcard_configuration was processed [] []
[2024-08-22T08:23:31.902521+00:00] main.INFO: Add of item with id Lof_All::lof_all was processed [] []
[2024-08-22T08:23:31.902594+00:00] main.INFO: Add of item with id Lof_ChatSystem::chatsystem was processed [] []
[2024-08-22T08:23:31.902668+00:00] main.INFO: Add of item with id Lof_ChatSystem::chat was processed [] []
[2024-08-22T08:23:31.902734+00:00] main.INFO: Add of item with id Lof_ChatSystem::blacklist_manage was processed [] []
[2024-08-22T08:23:31.902798+00:00] main.INFO: Add of item with id Lof_ChatSystem::settings was processed [] []
[2024-08-22T08:23:31.902863+00:00] main.INFO: Add of item with id PayPal_Braintree::settlement_report was processed [] []
[2024-08-22T08:23:31.902927+00:00] main.INFO: Add of item with id PayPal_Braintree::virtual_terminal was processed [] []
[2024-08-22T08:23:31.903010+00:00] main.INFO: Add of item with id Smartwave_Core::sw_all was processed [] []
[2024-08-22T08:23:31.903086+00:00] main.INFO: Add of item with id Smartwave_Dailydeals::dailydeals was processed [] []
[2024-08-22T08:23:31.903191+00:00] main.INFO: Add of item with id Smartwave_Dailydeals::configration was processed [] []
[2024-08-22T08:23:31.903260+00:00] main.INFO: Add of item with id Smartwave_Dailydeals::dailydeal was processed [] []
[2024-08-22T08:23:31.903324+00:00] main.INFO: Add of item with id Smartwave_Megamenu::megamenu was processed [] []
[2024-08-22T08:23:31.903430+00:00] main.INFO: Add of item with id Smartwave_Megamenu::configration was processed [] []
[2024-08-22T08:23:31.903509+00:00] main.INFO: Add of item with id Smartwave_Porto::porto_theme was processed [] []
[2024-08-22T08:23:31.903580+00:00] main.INFO: Add of item with id Smartwave_Porto::theme_settings was processed [] []
[2024-08-22T08:23:31.903648+00:00] main.INFO: Add of item with id Smartwave_Porto::theme_design was processed [] []
[2024-08-22T08:23:31.903712+00:00] main.INFO: Add of item with id Smartwave_Porto::activation was processed [] []
[2024-08-22T08:23:31.903775+00:00] main.INFO: Add of item with id Smartwave_Socialfeeds::socialfeeds was processed [] []
[2024-08-22T08:23:31.903846+00:00] main.INFO: Add of item with id Smartwave_Socialfeeds::configration was processed [] []
[2024-08-22T08:24:19.575598+00:00] main.ERROR: Invalid parameter given. A valid $_FILES[] identifier is expected. [] []
[2024-08-22T08:30:07.031784+00:00] main.INFO: Item Magento_Backend::system_currency was removed [] []
[2024-08-22T08:30:07.038309+00:00] main.INFO: Add of item with id Magento_Config::system_config was processed [] []
[2024-08-22T08:30:07.038575+00:00] main.INFO: Add of item with id Magento_AdminNotification::system_adminnotification was processed [] []
[2024-08-22T08:30:07.038679+00:00] main.INFO: Add of item with id Magento_Theme::design_config was processed [] []
[2024-08-22T08:30:07.038761+00:00] main.INFO: Add of item with id Magento_Theme::system_design_theme was processed [] []
[2024-08-22T08:30:07.038863+00:00] main.INFO: Add of item with id Magento_Backend::system_design_schedule was processed [] []
[2024-08-22T08:30:07.038941+00:00] main.INFO: Add of item with id Magento_Backend::system_store was processed [] []
[2024-08-22T08:30:07.039009+00:00] main.INFO: Add of item with id Magento_Backend::dashboard was processed [] []
[2024-08-22T08:30:07.039074+00:00] main.INFO: Add of item with id Magento_Backend::system was processed [] []
[2024-08-22T08:30:07.039151+00:00] main.INFO: Add of item with id Magento_Backend::system_tools was processed [] []
[2024-08-22T08:30:07.039229+00:00] main.INFO: Add of item with id Magento_Backend::system_design was processed [] []
[2024-08-22T08:30:07.039300+00:00] main.INFO: Add of item with id Magento_Backend::system_convert was processed [] []
[2024-08-22T08:30:07.039373+00:00] main.INFO: Add of item with id Magento_Backend::system_cache was processed [] []
[2024-08-22T08:30:07.039465+00:00] main.INFO: Add of item with id Magento_Backend::marketing was processed [] []
[2024-08-22T08:30:07.039583+00:00] main.INFO: Add of item with id Magento_Backend::marketing_communications was processed [] []
[2024-08-22T08:30:07.039656+00:00] main.INFO: Add of item with id Magento_Backend::marketing_seo was processed [] []
[2024-08-22T08:30:07.039723+00:00] main.INFO: Add of item with id Magento_Backend::marketing_user_content was processed [] []
[2024-08-22T08:30:07.039787+00:00] main.INFO: Add of item with id Magento_Backend::content was processed [] []
[2024-08-22T08:30:07.039867+00:00] main.INFO: Add of item with id Magento_Backend::content_elements was processed [] []
[2024-08-22T08:30:07.039952+00:00] main.INFO: Add of item with id Magento_Backend::stores was processed [] []
[2024-08-22T08:30:07.040028+00:00] main.INFO: Add of item with id Magento_Backend::stores_settings was processed [] []
[2024-08-22T08:30:07.040098+00:00] main.INFO: Add of item with id Magento_Backend::stores_attributes was processed [] []
[2024-08-22T08:30:07.040162+00:00] main.INFO: Add of item with id Magento_Backend::other_settings was processed [] []
[2024-08-22T08:30:07.040276+00:00] main.INFO: Add of item with id Magento_Backend::system_other_settings was processed [] []
[2024-08-22T08:30:07.040384+00:00] main.INFO: Add of item with id Magento_User::system_acl was processed [] []
[2024-08-22T08:30:07.040544+00:00] main.INFO: Add of item with id Magento_User::system_acl_users was processed [] []
[2024-08-22T08:30:07.040652+00:00] main.INFO: Add of item with id Magento_User::system_acl_roles was processed [] []
[2024-08-22T08:30:07.040721+00:00] main.INFO: Add of item with id Magento_User::system_acl_locks was processed [] []
[2024-08-22T08:30:07.040787+00:00] main.INFO: Add of item with id Magento_Customer::customer was processed [] []
[2024-08-22T08:30:07.040875+00:00] main.INFO: Add of item with id Magento_Customer::customer_manage was processed [] []
[2024-08-22T08:30:07.040974+00:00] main.INFO: Add of item with id Magento_Customer::customer_online was processed [] []
[2024-08-22T08:30:07.041052+00:00] main.INFO: Add of item with id Magento_Customer::customer_group was processed [] []
[2024-08-22T08:30:07.041195+00:00] main.INFO: Add of item with id Magento_Backup::system_tools_backup was processed [] []
[2024-08-22T08:30:07.041281+00:00] main.INFO: Add of item with id Magento_Indexer::system_index was processed [] []
[2024-08-22T08:30:07.041348+00:00] main.INFO: Add of item with id Magento_Variable::system_variable was processed [] []
[2024-08-22T08:30:07.041426+00:00] main.INFO: Add of item with id Magento_Cms::cms_page was processed [] []
[2024-08-22T08:30:07.041555+00:00] main.INFO: Add of item with id Magento_Cms::cms_block was processed [] []
[2024-08-22T08:30:07.041638+00:00] main.INFO: Add of item with id Magento_Search::search_terms was processed [] []
[2024-08-22T08:30:07.041708+00:00] main.INFO: Add of item with id Magento_Search::search_synonyms was processed [] []
[2024-08-22T08:30:07.041773+00:00] main.INFO: Add of item with id Magento_Catalog::catalog was processed [] []
[2024-08-22T08:30:07.041879+00:00] main.INFO: Add of item with id Magento_Catalog::catalog_products was processed [] []
[2024-08-22T08:30:07.041981+00:00] main.INFO: Add of item with id Magento_Catalog::catalog_categories was processed [] []
[2024-08-22T08:30:07.042093+00:00] main.INFO: Add of item with id Magento_Catalog::catalog_attributes_attributes was processed [] []
[2024-08-22T08:30:07.042258+00:00] main.INFO: Add of item with id Magento_Catalog::catalog_attributes_sets was processed [] []
[2024-08-22T08:30:07.042387+00:00] main.INFO: Add of item with id Magento_Catalog::inventory was processed [] []
[2024-08-22T08:30:07.042502+00:00] main.INFO: Add of item with id Magento_CatalogRule::promo was processed [] []
[2024-08-22T08:30:07.042651+00:00] main.INFO: Add of item with id Magento_CatalogRule::promo_catalog was processed [] []
[2024-08-22T08:30:07.042760+00:00] main.INFO: Add of item with id Magento_MediaGalleryUi::media was processed [] []
[2024-08-22T08:30:07.042885+00:00] main.INFO: Add of item with id Magento_MediaGalleryUi::media_gallery was processed [] []
[2024-08-22T08:30:07.043020+00:00] main.INFO: Add of item with id Magento_Integration::system_extensions was processed [] []
[2024-08-22T08:30:07.043131+00:00] main.INFO: Add of item with id Magento_Integration::system_integrations was processed [] []
[2024-08-22T08:30:07.043209+00:00] main.INFO: Add of item with id Magento_Sales::sales was processed [] []
[2024-08-22T08:30:07.043311+00:00] main.INFO: Add of item with id Magento_Sales::sales_operation was processed [] []
[2024-08-22T08:30:07.043388+00:00] main.INFO: Add of item with id Magento_Sales::sales_order was processed [] []
[2024-08-22T08:30:07.043457+00:00] main.INFO: Add of item with id Magento_Sales::sales_invoice was processed [] []
[2024-08-22T08:30:07.043521+00:00] main.INFO: Add of item with id Magento_Sales::sales_shipment was processed [] []
[2024-08-22T08:30:07.043605+00:00] main.INFO: Add of item with id Magento_Sales::sales_creditmemo was processed [] []
[2024-08-22T08:30:07.043692+00:00] main.INFO: Add of item with id Magento_Sales::sales_transactions was processed [] []
[2024-08-22T08:30:07.043770+00:00] main.INFO: Add of item with id Magento_Sales::system_order_statuses was processed [] []
[2024-08-22T08:30:07.043835+00:00] main.INFO: Add of item with id Magento_Widget::cms_widget_instance was processed [] []
[2024-08-22T08:30:07.043908+00:00] main.INFO: Add of item with id Magento_Analytics::business_intelligence was processed [] []
[2024-08-22T08:30:07.044048+00:00] main.INFO: Add of item with id Magento_Analytics::advanced_reporting was processed [] []
[2024-08-22T08:30:07.044146+00:00] main.INFO: Add of item with id Magento_Analytics::bi_essentials was processed [] []
[2024-08-22T08:30:07.044222+00:00] main.INFO: Add of item with id Magento_Downloadable::report_products_downloads was processed [] []
[2024-08-22T08:30:07.044313+00:00] main.INFO: Add of item with id Magento_ImportExport::system_convert_import was processed [] []
[2024-08-22T08:30:07.044410+00:00] main.INFO: Add of item with id Magento_ImportExport::system_convert_export was processed [] []
[2024-08-22T08:30:07.044530+00:00] main.INFO: Add of item with id Magento_ImportExport::system_convert_history was processed [] []
[2024-08-22T08:30:07.044643+00:00] main.INFO: Add of item with id Magento_Email::template was processed [] []
[2024-08-22T08:30:07.044745+00:00] main.INFO: Add of item with id Magento_EncryptionKey::system_crypt_key was processed [] []
[2024-08-22T08:30:07.044811+00:00] main.INFO: Add of item with id Magento_InventoryAdminUi::inventory was processed [] []
[2024-08-22T08:30:07.044885+00:00] main.INFO: Add of item with id Magento_InventoryAdminUi::source was processed [] []
[2024-08-22T08:30:07.044953+00:00] main.INFO: Add of item with id Magento_InventoryAdminUi::stock was processed [] []
[2024-08-22T08:30:07.045056+00:00] main.INFO: Add of item with id Magento_Reports::report was processed [] []
[2024-08-22T08:30:07.045141+00:00] main.INFO: Add of item with id Magento_Reports::report_marketing was processed [] []
[2024-08-22T08:30:07.045205+00:00] main.INFO: Add of item with id Magento_Reports::report_salesroot was processed [] []
[2024-08-22T08:30:07.045298+00:00] main.INFO: Add of item with id Magento_Reports::report_salesroot_sales was processed [] []
[2024-08-22T08:30:07.045403+00:00] main.INFO: Add of item with id Magento_Reports::report_salesroot_tax was processed [] []
[2024-08-22T08:30:07.045467+00:00] main.INFO: Add of item with id Magento_Reports::report_salesroot_invoiced was processed [] []
[2024-08-22T08:30:07.045574+00:00] main.INFO: Add of item with id Magento_Reports::report_salesroot_shipping was processed [] []
[2024-08-22T08:30:07.045717+00:00] main.INFO: Add of item with id Magento_Reports::report_salesroot_refunded was processed [] []
[2024-08-22T08:30:07.045795+00:00] main.INFO: Add of item with id Magento_Reports::report_salesroot_coupons was processed [] []
[2024-08-22T08:30:07.045873+00:00] main.INFO: Add of item with id Magento_Reports::report_shopcart_product was processed [] []
[2024-08-22T08:30:07.045943+00:00] main.INFO: Add of item with id Magento_Reports::report_shopcart_abandoned was processed [] []
[2024-08-22T08:30:07.046008+00:00] main.INFO: Add of item with id Magento_Reports::report_products was processed [] []
[2024-08-22T08:30:07.046079+00:00] main.INFO: Add of item with id Magento_Reports::report_products_bestsellers was processed [] []
[2024-08-22T08:30:07.046142+00:00] main.INFO: Add of item with id Magento_Reports::report_products_sold was processed [] []
[2024-08-22T08:30:07.046209+00:00] main.INFO: Add of item with id Magento_Reports::report_products_viewed was processed [] []
[2024-08-22T08:30:07.046312+00:00] main.INFO: Add of item with id Magento_Reports::report_products_lowstock was processed [] []
[2024-08-22T08:30:07.046380+00:00] main.INFO: Add of item with id Magento_Reports::report_customers was processed [] []
[2024-08-22T08:30:07.046468+00:00] main.INFO: Add of item with id Magento_Reports::report_customers_accounts was processed [] []
[2024-08-22T08:30:07.046563+00:00] main.INFO: Add of item with id Magento_Reports::report_customers_totals was processed [] []
[2024-08-22T08:30:07.046643+00:00] main.INFO: Add of item with id Magento_Reports::report_customers_orders was processed [] []
[2024-08-22T08:30:07.046709+00:00] main.INFO: Add of item with id Magento_Reports::report_statistics was processed [] []
[2024-08-22T08:30:07.046783+00:00] main.INFO: Add of item with id Magento_Reports::report_statistics_refresh was processed [] []
[2024-08-22T08:30:07.046852+00:00] main.INFO: Add of item with id Magento_Search::report_search_term was processed [] []
[2024-08-22T08:30:07.046918+00:00] main.INFO: Add of item with id Magento_LoginAsCustomerLog::login_log was processed [] []
[2024-08-22T08:30:07.046980+00:00] main.INFO: Add of item with id Magento_Marketplace::partners was processed [] []
[2024-08-22T08:30:07.047072+00:00] main.INFO: Add of item with id Magento_Newsletter::newsletter_template was processed [] []
[2024-08-22T08:30:07.047172+00:00] main.INFO: Add of item with id Magento_Newsletter::newsletter_queue was processed [] []
[2024-08-22T08:30:07.047238+00:00] main.INFO: Add of item with id Magento_Newsletter::newsletter_subscriber was processed [] []
[2024-08-22T08:30:07.047303+00:00] main.INFO: Add of item with id Magento_Newsletter::newsletter_problem was processed [] []
[2024-08-22T08:30:07.047367+00:00] main.INFO: Add of item with id Magento_SalesRule::promo_quote was processed [] []
[2024-08-22T08:30:07.047432+00:00] main.INFO: Add of item with id Magento_Sitemap::catalog_sitemap was processed [] []
[2024-08-22T08:30:07.047496+00:00] main.INFO: Add of item with id Magento_PageBuilder::templates was processed [] []
[2024-08-22T08:30:07.047559+00:00] main.INFO: Add of item with id Magento_Paypal::report_salesroot_paypal_settlement_reports was processed [] []
[2024-08-22T08:30:07.047646+00:00] main.INFO: Add of item with id Magento_Paypal::paypal_billing_agreement was processed [] []
[2024-08-22T08:30:07.047759+00:00] main.INFO: Add of item with id Magento_CheckoutAgreements::sales_checkoutagreement was processed [] []
[2024-08-22T08:30:07.047864+00:00] main.INFO: Add of item with id Magento_Review::catalog_reviews_ratings_ratings was processed [] []
[2024-08-22T08:30:07.047983+00:00] main.INFO: Add of item with id Magento_Review::catalog_reviews_ratings_pending was processed [] []
[2024-08-22T08:30:07.048094+00:00] main.INFO: Add of item with id Magento_Review::catalog_reviews_ratings_reviews_all was processed [] []
[2024-08-22T08:30:07.048220+00:00] main.INFO: Add of item with id Magento_Review::report_review was processed [] []
[2024-08-22T08:30:07.048350+00:00] main.INFO: Add of item with id Magento_Review::report_review_customer was processed [] []
[2024-08-22T08:30:07.048474+00:00] main.INFO: Add of item with id Magento_Review::report_review_product was processed [] []
[2024-08-22T08:30:07.048597+00:00] main.INFO: Add of item with id Magento_UrlRewrite::urlrewrite was processed [] []
[2024-08-22T08:30:07.048710+00:00] main.INFO: Add of item with id Magento_Tax::sales_tax was processed [] []
[2024-08-22T08:30:07.048839+00:00] main.INFO: Add of item with id Magento_Tax::sales_tax_rules was processed [] []
[2024-08-22T08:30:07.048959+00:00] main.INFO: Add of item with id Magento_Tax::sales_tax_rates was processed [] []
[2024-08-22T08:30:07.049091+00:00] main.INFO: Add of item with id Magento_TaxImportExport::system_convert_tax was processed [] []
[2024-08-22T08:30:07.049216+00:00] main.INFO: Add of item with id Magento_AsynchronousOperations::system_magento_logging was processed [] []
[2024-08-22T08:30:07.049340+00:00] main.INFO: Add of item with id Magento_AsynchronousOperations::system_magento_logging_bulk_operations was processed [] []
[2024-08-22T08:30:07.049455+00:00] main.INFO: Add of item with id Magento_CurrencySymbol::system_currency was processed [] []
[2024-08-22T08:30:07.049615+00:00] main.INFO: Add of item with id Magento_CurrencySymbol::system_currency_rates was processed [] []
[2024-08-22T08:30:07.049731+00:00] main.INFO: Add of item with id Magento_CurrencySymbol::system_currency_symbols was processed [] []
[2024-08-22T08:30:07.049853+00:00] main.INFO: Add of item with id Extension_GiftCard::giftcard was processed [] []
[2024-08-22T08:30:07.049977+00:00] main.INFO: Add of item with id Extension_GiftCard::section1 was processed [] []
[2024-08-22T08:30:07.050101+00:00] main.INFO: Add of item with id Extension_GiftCard:::code was processed [] []
[2024-08-22T08:30:07.050212+00:00] main.INFO: Add of item with id Extension_GiftCard::giftcard_configuration was processed [] []
[2024-08-22T08:30:07.050331+00:00] main.INFO: Add of item with id Lof_All::lof_all was processed [] []
[2024-08-22T08:30:07.050452+00:00] main.INFO: Add of item with id Lof_ChatSystem::chatsystem was processed [] []
[2024-08-22T08:30:07.050589+00:00] main.INFO: Add of item with id Lof_ChatSystem::chat was processed [] []
[2024-08-22T08:30:07.050735+00:00] main.INFO: Add of item with id Lof_ChatSystem::blacklist_manage was processed [] []
[2024-08-22T08:30:07.050844+00:00] main.INFO: Add of item with id Lof_ChatSystem::settings was processed [] []
[2024-08-22T08:30:07.050957+00:00] main.INFO: Add of item with id PayPal_Braintree::settlement_report was processed [] []
[2024-08-22T08:30:07.051066+00:00] main.INFO: Add of item with id PayPal_Braintree::virtual_terminal was processed [] []
[2024-08-22T08:30:07.051170+00:00] main.INFO: Add of item with id Smartwave_Core::sw_all was processed [] []
[2024-08-22T08:30:07.051293+00:00] main.INFO: Add of item with id Smartwave_Dailydeals::dailydeals was processed [] []
[2024-08-22T08:30:07.051419+00:00] main.INFO: Add of item with id Smartwave_Dailydeals::configration was processed [] []
[2024-08-22T08:30:07.051538+00:00] main.INFO: Add of item with id Smartwave_Dailydeals::dailydeal was processed [] []
[2024-08-22T08:30:07.051647+00:00] main.INFO: Add of item with id Smartwave_Megamenu::megamenu was processed [] []
[2024-08-22T08:30:07.051773+00:00] main.INFO: Add of item with id Smartwave_Megamenu::configration was processed [] []
[2024-08-22T08:30:07.051885+00:00] main.INFO: Add of item with id Smartwave_Porto::porto_theme was processed [] []
[2024-08-22T08:30:07.052014+00:00] main.INFO: Add of item with id Smartwave_Porto::theme_settings was processed [] []
[2024-08-22T08:30:07.052151+00:00] main.INFO: Add of item with id Smartwave_Porto::theme_design was processed [] []
[2024-08-22T08:30:07.052261+00:00] main.INFO: Add of item with id Smartwave_Porto::activation was processed [] []
[2024-08-22T08:30:07.052366+00:00] main.INFO: Add of item with id Smartwave_Socialfeeds::socialfeeds was processed [] []
[2024-08-22T08:30:07.052484+00:00] main.INFO: Add of item with id Smartwave_Socialfeeds::configration was processed [] []
[2024-08-22T08:38:25.206842+00:00] main.INFO: Item Magento_Backend::system_currency was removed [] []
[2024-08-22T08:38:25.211838+00:00] main.INFO: Add of item with id Magento_Config::system_config was processed [] []
[2024-08-22T08:38:25.212051+00:00] main.INFO: Add of item with id Magento_AdminNotification::system_adminnotification was processed [] []
[2024-08-22T08:38:25.212180+00:00] main.INFO: Add of item with id Magento_Theme::design_config was processed [] []
[2024-08-22T08:38:25.212292+00:00] main.INFO: Add of item with id Magento_Theme::system_design_theme was processed [] []
[2024-08-22T08:38:25.212422+00:00] main.INFO: Add of item with id Magento_Backend::system_design_schedule was processed [] []
[2024-08-22T08:38:25.212538+00:00] main.INFO: Add of item with id Magento_Backend::system_store was processed [] []
[2024-08-22T08:38:25.212640+00:00] main.INFO: Add of item with id Magento_Backend::dashboard was processed [] []
[2024-08-22T08:38:25.212732+00:00] main.INFO: Add of item with id Magento_Backend::system was processed [] []
[2024-08-22T08:38:25.212837+00:00] main.INFO: Add of item with id Magento_Backend::system_tools was processed [] []
[2024-08-22T08:38:25.212946+00:00] main.INFO: Add of item with id Magento_Backend::system_design was processed [] []
[2024-08-22T08:38:25.213041+00:00] main.INFO: Add of item with id Magento_Backend::system_convert was processed [] []
[2024-08-22T08:38:25.213141+00:00] main.INFO: Add of item with id Magento_Backend::system_cache was processed [] []
[2024-08-22T08:38:25.213260+00:00] main.INFO: Add of item with id Magento_Backend::marketing was processed [] []
[2024-08-22T08:38:25.213364+00:00] main.INFO: Add of item with id Magento_Backend::marketing_communications was processed [] []
[2024-08-22T08:38:25.213458+00:00] main.INFO: Add of item with id Magento_Backend::marketing_seo was processed [] []
[2024-08-22T08:38:25.213578+00:00] main.INFO: Add of item with id Magento_Backend::marketing_user_content was processed [] []
[2024-08-22T08:38:25.213669+00:00] main.INFO: Add of item with id Magento_Backend::content was processed [] []
[2024-08-22T08:38:25.213757+00:00] main.INFO: Add of item with id Magento_Backend::content_elements was processed [] []
[2024-08-22T08:38:25.213852+00:00] main.INFO: Add of item with id Magento_Backend::stores was processed [] []
[2024-08-22T08:38:25.213952+00:00] main.INFO: Add of item with id Magento_Backend::stores_settings was processed [] []
[2024-08-22T08:38:25.214045+00:00] main.INFO: Add of item with id Magento_Backend::stores_attributes was processed [] []
[2024-08-22T08:38:25.214135+00:00] main.INFO: Add of item with id Magento_Backend::other_settings was processed [] []
[2024-08-22T08:38:25.214224+00:00] main.INFO: Add of item with id Magento_Backend::system_other_settings was processed [] []
[2024-08-22T08:38:25.214318+00:00] main.INFO: Add of item with id Magento_User::system_acl was processed [] []
[2024-08-22T08:38:25.214418+00:00] main.INFO: Add of item with id Magento_User::system_acl_users was processed [] []
[2024-08-22T08:38:25.214533+00:00] main.INFO: Add of item with id Magento_User::system_acl_roles was processed [] []
[2024-08-22T08:38:25.214650+00:00] main.INFO: Add of item with id Magento_User::system_acl_locks was processed [] []
[2024-08-22T08:38:25.214769+00:00] main.INFO: Add of item with id Magento_Customer::customer was processed [] []
[2024-08-22T08:38:25.214889+00:00] main.INFO: Add of item with id Magento_Customer::customer_manage was processed [] []
[2024-08-22T08:38:25.214987+00:00] main.INFO: Add of item with id Magento_Customer::customer_online was processed [] []
[2024-08-22T08:38:25.215077+00:00] main.INFO: Add of item with id Magento_Customer::customer_group was processed [] []
[2024-08-22T08:38:25.215166+00:00] main.INFO: Add of item with id Magento_Backup::system_tools_backup was processed [] []
[2024-08-22T08:38:25.215261+00:00] main.INFO: Add of item with id Magento_Indexer::system_index was processed [] []
[2024-08-22T08:38:25.215361+00:00] main.INFO: Add of item with id Magento_Variable::system_variable was processed [] []
[2024-08-22T08:38:25.215463+00:00] main.INFO: Add of item with id Magento_Cms::cms_page was processed [] []
[2024-08-22T08:38:25.215560+00:00] main.INFO: Add of item with id Magento_Cms::cms_block was processed [] []
[2024-08-22T08:38:25.215661+00:00] main.INFO: Add of item with id Magento_Search::search_terms was processed [] []
[2024-08-22T08:38:25.215772+00:00] main.INFO: Add of item with id Magento_Search::search_synonyms was processed [] []
[2024-08-22T08:38:25.215863+00:00] main.INFO: Add of item with id Magento_Catalog::catalog was processed [] []
[2024-08-22T08:38:25.215963+00:00] main.INFO: Add of item with id Magento_Catalog::catalog_products was processed [] []
[2024-08-22T08:38:25.216068+00:00] main.INFO: Add of item with id Magento_Catalog::catalog_categories was processed [] []
[2024-08-22T08:38:25.216178+00:00] main.INFO: Add of item with id Magento_Catalog::catalog_attributes_attributes was processed [] []
[2024-08-22T08:38:25.216278+00:00] main.INFO: Add of item with id Magento_Catalog::catalog_attributes_sets was processed [] []
[2024-08-22T08:38:25.216405+00:00] main.INFO: Add of item with id Magento_Catalog::inventory was processed [] []
[2024-08-22T08:38:25.216504+00:00] main.INFO: Add of item with id Magento_CatalogRule::promo was processed [] []
[2024-08-22T08:38:25.216610+00:00] main.INFO: Add of item with id Magento_CatalogRule::promo_catalog was processed [] []
[2024-08-22T08:38:25.216720+00:00] main.INFO: Add of item with id Magento_MediaGalleryUi::media was processed [] []
[2024-08-22T08:38:25.216821+00:00] main.INFO: Add of item with id Magento_MediaGalleryUi::media_gallery was processed [] []
[2024-08-22T08:38:25.216916+00:00] main.INFO: Add of item with id Magento_Integration::system_extensions was processed [] []
[2024-08-22T08:38:25.217018+00:00] main.INFO: Add of item with id Magento_Integration::system_integrations was processed [] []
[2024-08-22T08:38:25.217121+00:00] main.INFO: Add of item with id Magento_Sales::sales was processed [] []
[2024-08-22T08:38:25.217221+00:00] main.INFO: Add of item with id Magento_Sales::sales_operation was processed [] []
[2024-08-22T08:38:25.217327+00:00] main.INFO: Add of item with id Magento_Sales::sales_order was processed [] []
[2024-08-22T08:38:25.217421+00:00] main.INFO: Add of item with id Magento_Sales::sales_invoice was processed [] []
[2024-08-22T08:38:25.217577+00:00] main.INFO: Add of item with id Magento_Sales::sales_shipment was processed [] []
[2024-08-22T08:38:25.217673+00:00] main.INFO: Add of item with id Magento_Sales::sales_creditmemo was processed [] []
[2024-08-22T08:38:25.217761+00:00] main.INFO: Add of item with id Magento_Sales::sales_transactions was processed [] []
[2024-08-22T08:38:25.217850+00:00] main.INFO: Add of item with id Magento_Sales::system_order_statuses was processed [] []
[2024-08-22T08:38:25.217947+00:00] main.INFO: Add of item with id Magento_Widget::cms_widget_instance was processed [] []
[2024-08-22T08:38:25.218050+00:00] main.INFO: Add of item with id Magento_Analytics::business_intelligence was processed [] []
[2024-08-22T08:38:25.218154+00:00] main.INFO: Add of item with id Magento_Analytics::advanced_reporting was processed [] []
[2024-08-22T08:38:25.218247+00:00] main.INFO: Add of item with id Magento_Analytics::bi_essentials was processed [] []
[2024-08-22T08:38:25.218369+00:00] main.INFO: Add of item with id Magento_Downloadable::report_products_downloads was processed [] []
[2024-08-22T08:38:25.218507+00:00] main.INFO: Add of item with id Magento_ImportExport::system_convert_import was processed [] []
[2024-08-22T08:38:25.218630+00:00] main.INFO: Add of item with id Magento_ImportExport::system_convert_export was processed [] []
[2024-08-22T08:38:25.218733+00:00] main.INFO: Add of item with id Magento_ImportExport::system_convert_history was processed [] []
[2024-08-22T08:38:25.218853+00:00] main.INFO: Add of item with id Magento_Email::template was processed [] []
[2024-08-22T08:38:25.218962+00:00] main.INFO: Add of item with id Magento_EncryptionKey::system_crypt_key was processed [] []
[2024-08-22T08:38:25.219066+00:00] main.INFO: Add of item with id Magento_InventoryAdminUi::inventory was processed [] []
[2024-08-22T08:38:25.219179+00:00] main.INFO: Add of item with id Magento_InventoryAdminUi::source was processed [] []
[2024-08-22T08:38:25.219291+00:00] main.INFO: Add of item with id Magento_InventoryAdminUi::stock was processed [] []
[2024-08-22T08:38:25.219391+00:00] main.INFO: Add of item with id Magento_Reports::report was processed [] []
[2024-08-22T08:38:25.219492+00:00] main.INFO: Add of item with id Magento_Reports::report_marketing was processed [] []
[2024-08-22T08:38:25.219591+00:00] main.INFO: Add of item with id Magento_Reports::report_salesroot was processed [] []
[2024-08-22T08:38:25.219726+00:00] main.INFO: Add of item with id Magento_Reports::report_salesroot_sales was processed [] []
[2024-08-22T08:38:25.219830+00:00] main.INFO: Add of item with id Magento_Reports::report_salesroot_tax was processed [] []
[2024-08-22T08:38:25.219929+00:00] main.INFO: Add of item with id Magento_Reports::report_salesroot_invoiced was processed [] []
[2024-08-22T08:38:25.220035+00:00] main.INFO: Add of item with id Magento_Reports::report_salesroot_shipping was processed [] []
[2024-08-22T08:38:25.220133+00:00] main.INFO: Add of item with id Magento_Reports::report_salesroot_refunded was processed [] []
[2024-08-22T08:38:25.220233+00:00] main.INFO: Add of item with id Magento_Reports::report_salesroot_coupons was processed [] []
[2024-08-22T08:38:25.220385+00:00] main.INFO: Add of item with id Magento_Reports::report_shopcart_product was processed [] []
[2024-08-22T08:38:25.220493+00:00] main.INFO: Add of item with id Magento_Reports::report_shopcart_abandoned was processed [] []
[2024-08-22T08:38:25.220595+00:00] main.INFO: Add of item with id Magento_Reports::report_products was processed [] []
[2024-08-22T08:38:25.220695+00:00] main.INFO: Add of item with id Magento_Reports::report_products_bestsellers was processed [] []
[2024-08-22T08:38:25.220799+00:00] main.INFO: Add of item with id Magento_Reports::report_products_sold was processed [] []
[2024-08-22T08:38:25.220905+00:00] main.INFO: Add of item with id Magento_Reports::report_products_viewed was processed [] []
[2024-08-22T08:38:25.221004+00:00] main.INFO: Add of item with id Magento_Reports::report_products_lowstock was processed [] []
[2024-08-22T08:38:25.221113+00:00] main.INFO: Add of item with id Magento_Reports::report_customers was processed [] []
[2024-08-22T08:38:25.221237+00:00] main.INFO: Add of item with id Magento_Reports::report_customers_accounts was processed [] []
[2024-08-22T08:38:25.221385+00:00] main.INFO: Add of item with id Magento_Reports::report_customers_totals was processed [] []
[2024-08-22T08:38:25.221566+00:00] main.INFO: Add of item with id Magento_Reports::report_customers_orders was processed [] []
[2024-08-22T08:38:25.221701+00:00] main.INFO: Add of item with id Magento_Reports::report_statistics was processed [] []
[2024-08-22T08:38:25.221843+00:00] main.INFO: Add of item with id Magento_Reports::report_statistics_refresh was processed [] []
[2024-08-22T08:38:25.221963+00:00] main.INFO: Add of item with id Magento_Search::report_search_term was processed [] []
[2024-08-22T08:38:25.222085+00:00] main.INFO: Add of item with id Magento_LoginAsCustomerLog::login_log was processed [] []
[2024-08-22T08:38:25.222209+00:00] main.INFO: Add of item with id Magento_Marketplace::partners was processed [] []
[2024-08-22T08:38:25.222322+00:00] main.INFO: Add of item with id Magento_Newsletter::newsletter_template was processed [] []
[2024-08-22T08:38:25.222426+00:00] main.INFO: Add of item with id Magento_Newsletter::newsletter_queue was processed [] []
[2024-08-22T08:38:25.222528+00:00] main.INFO: Add of item with id Magento_Newsletter::newsletter_subscriber was processed [] []
[2024-08-22T08:38:25.222630+00:00] main.INFO: Add of item with id Magento_Newsletter::newsletter_problem was processed [] []
[2024-08-22T08:38:25.222742+00:00] main.INFO: Add of item with id Magento_SalesRule::promo_quote was processed [] []
[2024-08-22T08:38:25.222849+00:00] main.INFO: Add of item with id Magento_Sitemap::catalog_sitemap was processed [] []
[2024-08-22T08:38:25.222952+00:00] main.INFO: Add of item with id Magento_PageBuilder::templates was processed [] []
[2024-08-22T08:38:25.223055+00:00] main.INFO: Add of item with id Magento_Paypal::report_salesroot_paypal_settlement_reports was processed [] []
[2024-08-22T08:38:25.223162+00:00] main.INFO: Add of item with id Magento_Paypal::paypal_billing_agreement was processed [] []
[2024-08-22T08:38:25.223268+00:00] main.INFO: Add of item with id Magento_CheckoutAgreements::sales_checkoutagreement was processed [] []
[2024-08-22T08:38:25.223381+00:00] main.INFO: Add of item with id Magento_Review::catalog_reviews_ratings_ratings was processed [] []
[2024-08-22T08:38:25.223516+00:00] main.INFO: Add of item with id Magento_Review::catalog_reviews_ratings_pending was processed [] []
[2024-08-22T08:38:25.223627+00:00] main.INFO: Add of item with id Magento_Review::catalog_reviews_ratings_reviews_all was processed [] []
[2024-08-22T08:38:25.223733+00:00] main.INFO: Add of item with id Magento_Review::report_review was processed [] []
[2024-08-22T08:38:25.223854+00:00] main.INFO: Add of item with id Magento_Review::report_review_customer was processed [] []
[2024-08-22T08:38:25.223974+00:00] main.INFO: Add of item with id Magento_Review::report_review_product was processed [] []
[2024-08-22T08:38:25.224106+00:00] main.INFO: Add of item with id Magento_UrlRewrite::urlrewrite was processed [] []
[2024-08-22T08:38:25.224213+00:00] main.INFO: Add of item with id Magento_Tax::sales_tax was processed [] []
[2024-08-22T08:38:25.224334+00:00] main.INFO: Add of item with id Magento_Tax::sales_tax_rules was processed [] []
[2024-08-22T08:38:25.224462+00:00] main.INFO: Add of item with id Magento_Tax::sales_tax_rates was processed [] []
[2024-08-22T08:38:25.224552+00:00] main.INFO: Add of item with id Magento_TaxImportExport::system_convert_tax was processed [] []
[2024-08-22T08:38:25.224630+00:00] main.INFO: Add of item with id Magento_AsynchronousOperations::system_magento_logging was processed [] []
[2024-08-22T08:38:25.224704+00:00] main.INFO: Add of item with id Magento_AsynchronousOperations::system_magento_logging_bulk_operations was processed [] []
[2024-08-22T08:38:25.224771+00:00] main.INFO: Add of item with id Magento_CurrencySymbol::system_currency was processed [] []
[2024-08-22T08:38:25.224842+00:00] main.INFO: Add of item with id Magento_CurrencySymbol::system_currency_rates was processed [] []
[2024-08-22T08:38:25.224908+00:00] main.INFO: Add of item with id Magento_CurrencySymbol::system_currency_symbols was processed [] []
[2024-08-22T08:38:25.224970+00:00] main.INFO: Add of item with id Extension_GiftCard::giftcard was processed [] []
[2024-08-22T08:38:25.225039+00:00] main.INFO: Add of item with id Extension_GiftCard::section1 was processed [] []
[2024-08-22T08:38:25.225111+00:00] main.INFO: Add of item with id Extension_GiftCard:::code was processed [] []
[2024-08-22T08:38:25.225176+00:00] main.INFO: Add of item with id Extension_GiftCard::giftcard_configuration was processed [] []
[2024-08-22T08:38:25.225239+00:00] main.INFO: Add of item with id Lof_All::lof_all was processed [] []
[2024-08-22T08:38:25.225328+00:00] main.INFO: Add of item with id Lof_ChatSystem::chatsystem was processed [] []
[2024-08-22T08:38:25.225402+00:00] main.INFO: Add of item with id Lof_ChatSystem::chat was processed [] []
[2024-08-22T08:38:25.225468+00:00] main.INFO: Add of item with id Lof_ChatSystem::blacklist_manage was processed [] []
[2024-08-22T08:38:25.225555+00:00] main.INFO: Add of item with id Lof_ChatSystem::settings was processed [] []
[2024-08-22T08:38:25.225623+00:00] main.INFO: Add of item with id PayPal_Braintree::settlement_report was processed [] []
[2024-08-22T08:38:25.225687+00:00] main.INFO: Add of item with id PayPal_Braintree::virtual_terminal was processed [] []
[2024-08-22T08:38:25.225757+00:00] main.INFO: Add of item with id Smartwave_Core::sw_all was processed [] []
[2024-08-22T08:38:25.225828+00:00] main.INFO: Add of item with id Smartwave_Dailydeals::dailydeals was processed [] []
[2024-08-22T08:38:25.225901+00:00] main.INFO: Add of item with id Smartwave_Dailydeals::configration was processed [] []
[2024-08-22T08:38:25.225973+00:00] main.INFO: Add of item with id Smartwave_Dailydeals::dailydeal was processed [] []
[2024-08-22T08:38:25.226035+00:00] main.INFO: Add of item with id Smartwave_Megamenu::megamenu was processed [] []
[2024-08-22T08:38:25.226207+00:00] main.INFO: Add of item with id Smartwave_Megamenu::configration was processed [] []
[2024-08-22T08:38:25.226288+00:00] main.INFO: Add of item with id Smartwave_Porto::porto_theme was processed [] []
[2024-08-22T08:38:25.226384+00:00] main.INFO: Add of item with id Smartwave_Porto::theme_settings was processed [] []
[2024-08-22T08:38:25.226453+00:00] main.INFO: Add of item with id Smartwave_Porto::theme_design was processed [] []
[2024-08-22T08:38:25.226516+00:00] main.INFO: Add of item with id Smartwave_Porto::activation was processed [] []
[2024-08-22T08:38:25.226579+00:00] main.INFO: Add of item with id Smartwave_Socialfeeds::socialfeeds was processed [] []
[2024-08-22T08:38:25.226648+00:00] main.INFO: Add of item with id Smartwave_Socialfeeds::configration was processed [] []
